2019-04-11 17:19:14 | INFO | com.cc.App | main:37 | hello slf4j
2019-04-11 17:19:15 | INFO | com.cc.App | main:37 | hello slf4j
2019-04-11 17:19:16 | INFO | com.cc.App | logStarting:48 | Starting App on DESKTOP-AUSQCP3 with PID 6548 (started by lenovo in E:\liu2\JAVA\工具\springbootshiro)
2019-04-11 17:19:16 | INFO | com.cc.App | logStartupProfileInfo:593 | No active profile set, falling back to default profiles: default
2019-04-11 17:19:16 | INFO | org.springframework.boot.context.embedded.AnnotationConfigEmbeddedWebApplicationContext | prepareRefresh:590 | Refreshing org.springframework.boot.context.embedded.AnnotationConfigEmbeddedWebApplicationContext@5008c594: startup date [Thu Apr 11 17:19:16 CST 2019]; root of context hierarchy
2019-04-11 17:19:18 | INFO | org.hibernate.validator.internal.util.Version | <clinit>:21 | HV000001: Hibernate Validator 6.0.12.Final
2019-04-11 17:19:24 | INFO | org.springframework.beans.factory.annotation.AutowiredAnnotationBeanPostProcessor | <init>:153 | JSR-330 'javax.inject.Inject' annotation found and supported for autowiring
2019-04-11 17:19:24 | INFO | org.springframework.context.support.PostProcessorRegistrationDelegate$BeanPostProcessorChecker | postProcessAfterInitialization:326 | Bean 'shiroConfig' of type [com.cc.config.ShiroConfig$$EnhancerBySpringCGLIB$$db3af0c6] is not eligible for getting processed by all BeanPostProcessors (for example: not eligible for auto-proxying)
2019-04-11 17:19:27 | INFO | com.cc.config.ShiroConfig | securityManager:77 | 设置realm
2019-04-11 17:19:27 | INFO | org.springframework.context.support.PostProcessorRegistrationDelegate$BeanPostProcessorChecker | postProcessAfterInitialization:326 | Bean 'hashedCredentialsMatcher' of type [org.apache.shiro.authc.credential.HashedCredentialsMatcher] is not eligible for getting processed by all BeanPostProcessors (for example: not eligible for auto-proxying)
2019-04-11 17:19:27 | INFO | org.springframework.context.support.PostProcessorRegistrationDelegate$BeanPostProcessorChecker | postProcessAfterInitialization:326 | Bean 'mybatis-org.mybatis.spring.boot.autoconfigure.MybatisProperties' of type [org.mybatis.spring.boot.autoconfigure.MybatisProperties] is not eligible for getting processed by all BeanPostProcessors (for example: not eligible for auto-proxying)
2019-04-11 17:19:27 | INFO | org.springframework.context.support.PostProcessorRegistrationDelegate$BeanPostProcessorChecker | postProcessAfterInitialization:326 | Bean 'org.mybatis.spring.boot.autoconfigure.MybatisAutoConfiguration' of type [org.mybatis.spring.boot.autoconfigure.MybatisAutoConfiguration$$EnhancerBySpringCGLIB$$96712e29] is not eligible for getting processed by all BeanPostProcessors (for example: not eligible for auto-proxying)
2019-04-11 17:19:27 | INFO | org.springframework.context.support.PostProcessorRegistrationDelegate$BeanPostProcessorChecker | postProcessAfterInitialization:326 | Bean 'org.springframework.boot.autoconfigure.jdbc.DataSourceConfiguration$Generic' of type [org.springframework.boot.autoconfigure.jdbc.DataSourceConfiguration$Generic] is not eligible for getting processed by all BeanPostProcessors (for example: not eligible for auto-proxying)
2019-04-11 17:19:28 | INFO | org.springframework.context.support.PostProcessorRegistrationDelegate$BeanPostProcessorChecker | postProcessAfterInitialization:326 | Bean 'spring.datasource-org.springframework.boot.autoconfigure.jdbc.DataSourceProperties' of type [org.springframework.boot.autoconfigure.jdbc.DataSourceProperties] is not eligible for getting processed by all BeanPostProcessors (for example: not eligible for auto-proxying)
2019-04-11 17:19:28 | INFO | org.springframework.context.support.PostProcessorRegistrationDelegate$BeanPostProcessorChecker | postProcessAfterInitialization:326 | Bean 'dataSource' of type [com.alibaba.druid.pool.DruidDataSource] is not eligible for getting processed by all BeanPostProcessors (for example: not eligible for auto-proxying)
2019-04-11 17:19:29 | INFO | org.springframework.context.support.PostProcessorRegistrationDelegate$BeanPostProcessorChecker | postProcessAfterInitialization:326 | Bean 'sqlSessionFactory' of type [org.apache.ibatis.session.defaults.DefaultSqlSessionFactory] is not eligible for getting processed by all BeanPostProcessors (for example: not eligible for auto-proxying)
2019-04-11 17:19:29 | INFO | org.springframework.context.support.PostProcessorRegistrationDelegate$BeanPostProcessorChecker | postProcessAfterInitialization:326 | Bean 'sqlSessionTemplate' of type [org.mybatis.spring.SqlSessionTemplate] is not eligible for getting processed by all BeanPostProcessors (for example: not eligible for auto-proxying)
2019-04-11 17:19:29 | INFO | org.springframework.context.support.PostProcessorRegistrationDelegate$BeanPostProcessorChecker | postProcessAfterInitialization:326 | Bean 'userDOMapper' of type [org.mybatis.spring.mapper.MapperFactoryBean] is not eligible for getting processed by all BeanPostProcessors (for example: not eligible for auto-proxying)
2019-04-11 17:19:29 | INFO | org.springframework.context.support.PostProcessorRegistrationDelegate$BeanPostProcessorChecker | postProcessAfterInitialization:326 | Bean 'userDOMapper' of type [com.sun.proxy.$Proxy57] is not eligible for getting processed by all BeanPostProcessors (for example: not eligible for auto-proxying)
2019-04-11 17:19:29 | INFO | org.springframework.context.support.PostProcessorRegistrationDelegate$BeanPostProcessorChecker | postProcessAfterInitialization:326 | Bean 'userServiceImpl' of type [com.cc.service.serviceImpl.UserServiceImpl] is not eligible for getting processed by all BeanPostProcessors (for example: not eligible for auto-proxying)
2019-04-11 17:19:29 | INFO | org.springframework.context.support.PostProcessorRegistrationDelegate$BeanPostProcessorChecker | postProcessAfterInitialization:326 | Bean 'roleDOMapper' of type [org.mybatis.spring.mapper.MapperFactoryBean] is not eligible for getting processed by all BeanPostProcessors (for example: not eligible for auto-proxying)
2019-04-11 17:19:29 | INFO | org.springframework.context.support.PostProcessorRegistrationDelegate$BeanPostProcessorChecker | postProcessAfterInitialization:326 | Bean 'roleDOMapper' of type [com.sun.proxy.$Proxy59] is not eligible for getting processed by all BeanPostProcessors (for example: not eligible for auto-proxying)
2019-04-11 17:19:29 | INFO | org.springframework.context.support.PostProcessorRegistrationDelegate$BeanPostProcessorChecker | postProcessAfterInitialization:326 | Bean 'userRoleDOMapper' of type [org.mybatis.spring.mapper.MapperFactoryBean] is not eligible for getting processed by all BeanPostProcessors (for example: not eligible for auto-proxying)
2019-04-11 17:19:29 | INFO | org.springframework.context.support.PostProcessorRegistrationDelegate$BeanPostProcessorChecker | postProcessAfterInitialization:326 | Bean 'userRoleDOMapper' of type [com.sun.proxy.$Proxy60] is not eligible for getting processed by all BeanPostProcessors (for example: not eligible for auto-proxying)
2019-04-11 17:19:29 | INFO | org.springframework.context.support.PostProcessorRegistrationDelegate$BeanPostProcessorChecker | postProcessAfterInitialization:326 | Bean 'roleMenuDOMapper' of type [org.mybatis.spring.mapper.MapperFactoryBean] is not eligible for getting processed by all BeanPostProcessors (for example: not eligible for auto-proxying)
2019-04-11 17:19:29 | INFO | org.springframework.context.support.PostProcessorRegistrationDelegate$BeanPostProcessorChecker | postProcessAfterInitialization:326 | Bean 'roleMenuDOMapper' of type [com.sun.proxy.$Proxy61] is not eligible for getting processed by all BeanPostProcessors (for example: not eligible for auto-proxying)
2019-04-11 17:19:29 | INFO | org.springframework.context.support.PostProcessorRegistrationDelegate$BeanPostProcessorChecker | postProcessAfterInitialization:326 | Bean 'roleServiceImpl' of type [com.cc.service.serviceImpl.RoleServiceImpl] is not eligible for getting processed by all BeanPostProcessors (for example: not eligible for auto-proxying)
2019-04-11 17:19:29 | INFO | org.springframework.context.support.PostProcessorRegistrationDelegate$BeanPostProcessorChecker | postProcessAfterInitialization:326 | Bean 'userRoleServiceImpl' of type [com.cc.service.serviceImpl.UserRoleServiceImpl] is not eligible for getting processed by all BeanPostProcessors (for example: not eligible for auto-proxying)
2019-04-11 17:19:29 | INFO | org.springframework.context.support.PostProcessorRegistrationDelegate$BeanPostProcessorChecker | postProcessAfterInitialization:326 | Bean 'roleMenuServiceImpl' of type [com.cc.service.serviceImpl.RoleMenuServiceImpl] is not eligible for getting processed by all BeanPostProcessors (for example: not eligible for auto-proxying)
2019-04-11 17:19:29 | INFO | org.springframework.context.support.PostProcessorRegistrationDelegate$BeanPostProcessorChecker | postProcessAfterInitialization:326 | Bean 'menuDOMapper' of type [org.mybatis.spring.mapper.MapperFactoryBean] is not eligible for getting processed by all BeanPostProcessors (for example: not eligible for auto-proxying)
2019-04-11 17:19:29 | INFO | org.springframework.context.support.PostProcessorRegistrationDelegate$BeanPostProcessorChecker | postProcessAfterInitialization:326 | Bean 'menuDOMapper' of type [com.sun.proxy.$Proxy62] is not eligible for getting processed by all BeanPostProcessors (for example: not eligible for auto-proxying)
2019-04-11 17:19:29 | INFO | org.springframework.context.support.PostProcessorRegistrationDelegate$BeanPostProcessorChecker | postProcessAfterInitialization:326 | Bean 'menuServiceImpl' of type [com.cc.service.serviceImpl.MenuServiceImpl] is not eligible for getting processed by all BeanPostProcessors (for example: not eligible for auto-proxying)
2019-04-11 17:19:29 | INFO | org.springframework.context.support.PostProcessorRegistrationDelegate$BeanPostProcessorChecker | postProcessAfterInitialization:326 | Bean 'myShiroRealm' of type [com.cc.config.ConfigRealm] is not eligible for getting processed by all BeanPostProcessors (for example: not eligible for auto-proxying)
2019-04-11 17:19:29 | INFO | org.springframework.context.support.PostProcessorRegistrationDelegate$BeanPostProcessorChecker | postProcessAfterInitialization:326 | Bean 'rememberMeCookie' of type [org.apache.shiro.web.servlet.SimpleCookie] is not eligible for getting processed by all BeanPostProcessors (for example: not eligible for auto-proxying)
2019-04-11 17:19:29 | INFO | org.springframework.context.support.PostProcessorRegistrationDelegate$BeanPostProcessorChecker | postProcessAfterInitialization:326 | Bean 'rememberMeManager' of type [org.apache.shiro.web.mgt.CookieRememberMeManager] is not eligible for getting processed by all BeanPostProcessors (for example: not eligible for auto-proxying)
2019-04-11 17:19:29 | INFO | org.springframework.context.support.PostProcessorRegistrationDelegate$BeanPostProcessorChecker | postProcessAfterInitialization:326 | Bean 'securityManager' of type [org.apache.shiro.web.mgt.DefaultWebSecurityManager] is not eligible for getting processed by all BeanPostProcessors (for example: not eligible for auto-proxying)
2019-04-11 17:19:29 | INFO | com.cc.config.ShiroConfig | shiroFilter:35 | 安全管理器
2019-04-11 17:19:29 | INFO | org.springframework.context.support.PostProcessorRegistrationDelegate$BeanPostProcessorChecker | postProcessAfterInitialization:326 | Bean 'org.springframework.transaction.annotation.ProxyTransactionManagementConfiguration' of type [org.springframework.transaction.annotation.ProxyTransactionManagementConfiguration$$EnhancerBySpringCGLIB$$639cdcf9] is not eligible for getting processed by all BeanPostProcessors (for example: not eligible for auto-proxying)
2019-04-11 17:19:29 | INFO | org.springframework.context.support.PostProcessorRegistrationDelegate$BeanPostProcessorChecker | postProcessAfterInitialization:326 | Bean 'authorizationAttributeSourceAdvisor' of type [org.apache.shiro.spring.security.interceptor.AuthorizationAttributeSourceAdvisor] is not eligible for getting processed by all BeanPostProcessors (for example: not eligible for auto-proxying)
2019-04-11 17:19:32 | INFO | org.springframework.boot.context.embedded.tomcat.TomcatEmbeddedServletContainer | initialize:89 | Tomcat initialized with port(s): 8000 (http)
2019-04-11 17:19:32 | INFO | org.apache.catalina.core.StandardService | log:180 | Starting service [Tomcat]
2019-04-11 17:19:32 | INFO | org.apache.catalina.core.StandardEngine | log:180 | Starting Servlet Engine: Apache Tomcat/8.5.29
2019-04-11 17:19:32 | INFO | org.apache.jasper.servlet.TldScanner | log:180 | At least one JAR was scanned for TLDs yet contained no TLDs. Enable debug logging for this logger for a complete list of JARs that were scanned but no TLDs were found in them. Skipping unneeded JARs during scanning can improve startup time and JSP compilation time.
2019-04-11 17:19:32 | INFO | org.apache.catalina.core.ContainerBase.[Tomcat].[localhost].[/] | log:180 | Initializing Spring embedded WebApplicationContext
2019-04-11 17:19:32 | INFO | org.springframework.web.context.ContextLoader | prepareEmbeddedWebApplicationContext:276 | Root WebApplicationContext: initialization completed in 16285 ms
2019-04-11 17:19:33 | INFO | org.springframework.boot.web.servlet.ServletRegistrationBean | onStartup:190 | Mapping servlet: 'dispatcherServlet' to [/]
2019-04-11 17:19:33 | INFO | org.springframework.boot.web.servlet.FilterRegistrationBean | configure:258 | Mapping filter: 'characterEncodingFilter' to: [/*]
2019-04-11 17:19:33 | INFO | org.springframework.boot.web.servlet.FilterRegistrationBean | configure:258 | Mapping filter: 'hiddenHttpMethodFilter' to: [/*]
2019-04-11 17:19:33 | INFO | org.springframework.boot.web.servlet.FilterRegistrationBean | configure:258 | Mapping filter: 'httpPutFormContentFilter' to: [/*]
2019-04-11 17:19:33 | INFO | org.springframework.boot.web.servlet.FilterRegistrationBean | configure:258 | Mapping filter: 'requestContextFilter' to: [/*]
2019-04-11 17:19:33 | INFO | org.springframework.boot.web.servlet.FilterRegistrationBean | configure:258 | Mapping filter: 'shiroFilter' to: [/*]
2019-04-11 17:19:35 | INFO | org.springframework.web.servlet.mvc.method.annotation.RequestMappingHandlerAdapter | initControllerAdviceCache:588 | Looking for @ControllerAdvice: org.springframework.boot.context.embedded.AnnotationConfigEmbeddedWebApplicationContext@5008c594: startup date [Thu Apr 11 17:19:16 CST 2019]; root of context hierarchy
2019-04-11 17:19:35 | INFO | org.springframework.web.servlet.mvc.method.annotation.RequestMappingHandlerMapping | register:549 | Mapped "{[/logout],methods=[GET]}" onto public java.lang.String com.cc.controller.LoginController.index()
2019-04-11 17:19:35 | INFO | org.springframework.web.servlet.mvc.method.annotation.RequestMappingHandlerMapping | register:549 | Mapped "{[/login],methods=[GET]}" onto public java.lang.String com.cc.controller.LoginController.getLogin()
2019-04-11 17:19:35 | INFO | org.springframework.web.servlet.mvc.method.annotation.RequestMappingHandlerMapping | register:549 | Mapped "{[/],methods=[GET]}" onto public java.lang.String com.cc.controller.LoginController.postIndex()
2019-04-11 17:19:35 | INFO | org.springframework.web.servlet.mvc.method.annotation.RequestMappingHandlerMapping | register:549 | Mapped "{[/upPassword],methods=[POST]}" onto public com.cc.response.CommonReturnType com.cc.controller.LoginController.updatepassword(com.cc.model.UserDO)
2019-04-11 17:19:35 | INFO | org.springframework.web.servlet.mvc.method.annotation.RequestMappingHandlerMapping | register:549 | Mapped "{[/login],methods=[POST]}" onto public com.cc.response.CommonReturnType com.cc.controller.LoginController.login(java.util.Map)
2019-04-11 17:19:35 | INFO | org.springframework.web.servlet.mvc.method.annotation.RequestMappingHandlerMapping | register:549 | Mapped "{[/menu/get],methods=[POST]}" onto public com.cc.response.CommonReturnType com.cc.controller.MenuController.get(java.lang.String)
2019-04-11 17:19:35 | INFO | org.springframework.web.servlet.mvc.method.annotation.RequestMappingHandlerMapping | register:549 | Mapped "{[/menu/update],methods=[POST]}" onto public com.cc.response.CommonReturnType com.cc.controller.MenuController.update(com.cc.model.MenuDO) throws com.cc.error.BusinessException
2019-04-11 17:19:35 | INFO | org.springframework.web.servlet.mvc.method.annotation.RequestMappingHandlerMapping | register:549 | Mapped "{[/menu/delete],methods=[POST]}" onto public com.cc.response.CommonReturnType com.cc.controller.MenuController.delete(java.lang.String)
2019-04-11 17:19:35 | INFO | org.springframework.web.servlet.mvc.method.annotation.RequestMappingHandlerMapping | register:549 | Mapped "{[/menu/insert],methods=[POST]}" onto public com.cc.response.CommonReturnType com.cc.controller.MenuController.insert(com.cc.model.MenuDO)
2019-04-11 17:19:35 | INFO | org.springframework.web.servlet.mvc.method.annotation.RequestMappingHandlerMapping | register:549 | Mapped "{[/role/get],methods=[POST]}" onto public com.cc.response.CommonReturnType com.cc.controller.RoleController.get(java.lang.String)
2019-04-11 17:19:35 | INFO | org.springframework.web.servlet.mvc.method.annotation.RequestMappingHandlerMapping | register:549 | Mapped "{[/role/update],methods=[POST]}" onto public com.cc.response.CommonReturnType com.cc.controller.RoleController.update(com.cc.model.RoleDO)
2019-04-11 17:19:35 | INFO | org.springframework.web.servlet.mvc.method.annotation.RequestMappingHandlerMapping | register:549 | Mapped "{[/role/delete],methods=[POST]}" onto public com.cc.response.CommonReturnType com.cc.controller.RoleController.delete(java.lang.String) throws com.cc.error.BusinessException
2019-04-11 17:19:35 | INFO | org.springframework.web.servlet.mvc.method.annotation.RequestMappingHandlerMapping | register:549 | Mapped "{[/role/insert],methods=[POST]}" onto public com.cc.response.CommonReturnType com.cc.controller.RoleController.insert(com.cc.model.RoleDO)
2019-04-11 17:19:35 | INFO | org.springframework.web.servlet.mvc.method.annotation.RequestMappingHandlerMapping | register:549 | Mapped "{[/roleMenu/get],methods=[POST]}" onto public com.cc.response.CommonReturnType com.cc.controller.RoleMenuController.get(java.lang.String)
2019-04-11 17:19:35 | INFO | org.springframework.web.servlet.mvc.method.annotation.RequestMappingHandlerMapping | register:549 | Mapped "{[/roleMenu/update],methods=[POST]}" onto public com.cc.response.CommonReturnType com.cc.controller.RoleMenuController.update(com.cc.model.RoleMenuDO)
2019-04-11 17:19:35 | INFO | org.springframework.web.servlet.mvc.method.annotation.RequestMappingHandlerMapping | register:549 | Mapped "{[/roleMenu/delete],methods=[POST]}" onto public com.cc.response.CommonReturnType com.cc.controller.RoleMenuController.delete(java.lang.String)
2019-04-11 17:19:35 | INFO | org.springframework.web.servlet.mvc.method.annotation.RequestMappingHandlerMapping | register:549 | Mapped "{[/roleMenu/insert],methods=[POST]}" onto public com.cc.response.CommonReturnType com.cc.controller.RoleMenuController.insert(com.cc.model.RoleMenuDO)
2019-04-11 17:19:35 | INFO | org.springframework.web.servlet.mvc.method.annotation.RequestMappingHandlerMapping | register:549 | Mapped "{[/user/get],methods=[POST]}" onto public com.cc.response.CommonReturnType com.cc.controller.UserController.get(java.lang.String)
2019-04-11 17:19:35 | INFO | org.springframework.web.servlet.mvc.method.annotation.RequestMappingHandlerMapping | register:549 | Mapped "{[/user/update],methods=[POST]}" onto public com.cc.response.CommonReturnType com.cc.controller.UserController.update(com.cc.model.UserDO)
2019-04-11 17:19:35 | INFO | org.springframework.web.servlet.mvc.method.annotation.RequestMappingHandlerMapping | register:549 | Mapped "{[/user/delete],methods=[POST]}" onto public com.cc.response.CommonReturnType com.cc.controller.UserController.delete(java.lang.String)
2019-04-11 17:19:35 | INFO | org.springframework.web.servlet.mvc.method.annotation.RequestMappingHandlerMapping | register:549 | Mapped "{[/user/insert],methods=[POST]}" onto public com.cc.response.CommonReturnType com.cc.controller.UserController.insert(com.cc.model.UserDO)
2019-04-11 17:19:35 | INFO | org.springframework.web.servlet.mvc.method.annotation.RequestMappingHandlerMapping | register:549 | Mapped "{[/userRole/get],methods=[POST]}" onto public com.cc.response.CommonReturnType com.cc.controller.UserRoleController.get(java.lang.String)
2019-04-11 17:19:35 | INFO | org.springframework.web.servlet.mvc.method.annotation.RequestMappingHandlerMapping | register:549 | Mapped "{[/userRole/update],methods=[POST]}" onto public com.cc.response.CommonReturnType com.cc.controller.UserRoleController.update(com.cc.model.UserRoleDO)
2019-04-11 17:19:35 | INFO | org.springframework.web.servlet.mvc.method.annotation.RequestMappingHandlerMapping | register:549 | Mapped "{[/userRole/delete],methods=[POST]}" onto public com.cc.response.CommonReturnType com.cc.controller.UserRoleController.delete(java.lang.String)
2019-04-11 17:19:35 | INFO | org.springframework.web.servlet.mvc.method.annotation.RequestMappingHandlerMapping | register:549 | Mapped "{[/userRole/insert],methods=[POST]}" onto public com.cc.response.CommonReturnType com.cc.controller.UserRoleController.insert(com.cc.model.UserRoleDO)
2019-04-11 17:19:35 | INFO | org.springframework.web.servlet.mvc.method.annotation.RequestMappingHandlerMapping | register:549 | Mapped "{[/error]}" onto public org.springframework.http.ResponseEntity<java.util.Map<java.lang.String, java.lang.Object>> org.springframework.boot.autoconfigure.web.BasicErrorController.error(javax.servlet.http.HttpServletRequest)
2019-04-11 17:19:35 | INFO | org.springframework.web.servlet.mvc.method.annotation.RequestMappingHandlerMapping | register:549 | Mapped "{[/error],produces=[text/html]}" onto public org.springframework.web.servlet.ModelAndView org.springframework.boot.autoconfigure.web.BasicErrorController.errorHtml(javax.servlet.http.HttpServletRequest,javax.servlet.http.HttpServletResponse)
2019-04-11 17:19:36 | INFO | org.springframework.web.servlet.handler.SimpleUrlHandlerMapping | registerHandler:373 | Mapped URL path [/webjars/**] onto handler of type [class org.springframework.web.servlet.resource.ResourceHttpRequestHandler]
2019-04-11 17:19:36 | INFO | org.springframework.web.servlet.handler.SimpleUrlHandlerMapping | registerHandler:373 | Mapped URL path [/**] onto handler of type [class org.springframework.web.servlet.resource.ResourceHttpRequestHandler]
2019-04-11 17:19:36 | INFO | org.springframework.web.servlet.handler.SimpleUrlHandlerMapping | registerHandler:373 | Mapped URL path [/**/favicon.ico] onto handler of type [class org.springframework.web.servlet.resource.ResourceHttpRequestHandler]
2019-04-11 17:19:37 | INFO | org.springframework.boot.devtools.autoconfigure.OptionalLiveReloadServer | startServer:58 | LiveReload server is running on port 35729
2019-04-11 17:19:37 | INFO | org.springframework.jmx.export.annotation.AnnotationMBeanExporter | afterSingletonsInstantiated:433 | Registering beans for JMX exposure on startup
2019-04-11 17:19:37 | INFO | org.springframework.jmx.export.annotation.AnnotationMBeanExporter | autodetect:895 | Bean with name 'dataSource' has been autodetected for JMX exposure
2019-04-11 17:19:37 | INFO | org.springframework.jmx.export.annotation.AnnotationMBeanExporter | registerBeanInstance:668 | Located MBean 'dataSource': registering with JMX server as MBean [com.alibaba.druid.pool:name=dataSource,type=DruidDataSource]
2019-04-11 17:19:37 | INFO | org.apache.coyote.http11.Http11NioProtocol | log:180 | Initializing ProtocolHandler ["http-nio-8000"]
2019-04-11 17:19:37 | INFO | org.apache.coyote.http11.Http11NioProtocol | log:180 | Starting ProtocolHandler ["http-nio-8000"]
2019-04-11 17:19:37 | INFO | org.apache.tomcat.util.net.NioSelectorPool | log:180 | Using a shared selector for servlet write/read
2019-04-11 17:19:38 | INFO | org.springframework.boot.context.embedded.tomcat.TomcatEmbeddedServletContainer | start:201 | Tomcat started on port(s): 8000 (http)
2019-04-11 17:19:38 | INFO | com.cc.App | logStarted:57 | Started App in 22.434 seconds (JVM running for 24.734)
2019-04-11 17:20:17 | INFO | org.apache.catalina.core.ContainerBase.[Tomcat].[localhost].[/] | log:180 | Initializing Spring FrameworkServlet 'dispatcherServlet'
2019-04-11 17:20:17 | INFO | org.springframework.web.servlet.DispatcherServlet | initServletBean:494 | FrameworkServlet 'dispatcherServlet': initialization started
2019-04-11 17:20:17 | INFO | org.springframework.web.servlet.DispatcherServlet | initServletBean:509 | FrameworkServlet 'dispatcherServlet': initialization completed in 78 ms
2019-04-11 17:20:45 | INFO | com.cc.controller.LoginController | login:51 | 进入登录验证
2019-04-11 17:20:46 | INFO | com.alibaba.druid.pool.DruidDataSource | init:930 | {dataSource-1} inited
2019-04-11 17:20:47 | INFO | com.cc.controller.LoginController | login:59 | 登录成功
